<?xml version="1.0" encoding="UTF-8"?>
<!-- Generated by org.testng.reporters.JUnitXMLReporter -->
<testsuite ignored="0" hostname="DESKTOP-744UD12" failures="0" tests="9" name="Test" time="0.336" errors="0" timestamp="2023-01-02T19:00:48 IST">
  <testcase classname="TestNg.Sample2" name="TC4" time="0.033"/>
  <testcase classname="TestNg.Sample2" name="TC5" time="0.004"/>
  <testcase classname="TestNg.Sample2" name="TC6" time="0.009"/>
  <testcase classname="TestNg.Sample3" name="TC7" time="0.007"/>
  <testcase classname="TestNg.Sample3" name="TC8" time="0.01"/>
  <testcase classname="TestNg.Sample3" name="TC9" time="0.008"/>
  <testcase classname="TestNg.Sample" name="TC1" time="0.005"/>
  <testcase classname="TestNg.Sample" name="TC2" time="0.008"/>
  <testcase classname="TestNg.Sample" name="TC3" time="0.012"/>
</testsuite> <!-- Test -->
